[30-01-2023 19:50:17] [level: ERROR] [header: StatusConflict]
pq: duplicate key value violates unique constraint "books_author_id_key"
[30-01-2023 20:06:30] [level: ERROR] [header: StatusConflict]
pq: duplicate key value violates unique constraint "books_author_id_key"
[30-01-2023 21:03:49] [level: ERROR] [header: InternalServerError]
pq: got 4 parameters but the statement requires 1
[30-01-2023 21:14:01] [level: ERROR] [header: InternalServerError]
pq: got 4 parameters but the statement requires 1
[30-01-2023 21:14:12] [level: ERROR] [header: InternalServerError]
pq: got 4 parameters but the statement requires 1
[30-01-2023 21:14:40] [level: ERROR] [header: InternalServerError]
pq: got 4 parameters but the statement requires 1
[30-01-2023 21:30:46] [level: ERROR] [header: InternalServerError]
pq: syntax error at end of input
[30-01-2023 21:31:28] [level: ERROR] [header: InternalServerError]
pq: syntax error at end of input
[30-01-2023 21:33:09] [level: ERROR] [header: InternalServerError]
pq: syntax error at end of input
[30-01-2023 21:35:11] [level: ERROR] [header: InternalServerError]
pq: syntax error at end of input
